<?xml version="1.0" encoding="UTF-8"?>
<!-- Generated by org.testng.reporters.JUnitReportReporter -->
<testsuite hostname="LAPTOP-PCN95IVM" failures="0" tests="1" name="Scenarios.VerifyloginPageElements" time="1.205" errors="0" timestamp="2023-05-04T08:54:02 IST" skipped="0">
  <testcase classname="Scenarios.VerifyloginPageElements" name="verifyElements" time="1.205"/>
  <system-out/>
</testsuite> <!-- Scenarios.VerifyloginPageElements -->
